<?xml version="1.0" encoding="UTF-8"?>
<testsuite xmlns:xsi="http://www.w3.org/2001/XMLSchema-instance" xsi:noNamespaceSchemaLocation="https://maven.apache.org/surefire/maven-surefire-plugin/xsd/surefire-test-report-3.0.xsd" version="3.0" name="SpringBoot.HomeRentApplication.HomeRentApplicationTests" time="5.839" tests="1" errors="0" skipped="0" failures="0">
  <properties>
[...]
</properties>
  <testcase name="contextLoads" classname="SpringBoot.HomeRentApplication.HomeRentApplicationTests" time="0.476">
    <system-out><![CDATA[11:17:49.989 [main] INFO org.springframework.test.context.support.AnnotationConfigContextLoaderUtils -- Could not detect default configuration classes for test class [SpringBoot.HomeRentApplication.HomeRentApplicationTests]: HomeRentApplicationTests does not declare any static, non-private, non-final, nested classes annotated with @Configuration.
11:17:50.149 [main] INFO org.springframework.boot.test.context.SpringBootTestContextBootstrapper -- Found @SpringBootConfiguration SpringBoot.HomeRentApplication.HomeRentApplication for test class SpringBoot.HomeRentApplication.HomeRentApplicationTests
11:17:50.379 [main] INFO org.springframework.boot.devtools.restart.RestartApplicationListener -- Restart disabled due to context in which it is running

  .   ____          _            __ _ _
 /\\ / ___'_ __ _ _(_)_ __  __ _ \ \ \ \
( ( )\___ | '_ | '_| | '_ \/ _` | \ \ \ \
 \\/  ___)| |_)| | | | | || (_| |  ) ) ) )
  '  |____| .__|_| |_|_| |_\__, | / / / /
 =========|_|==============|___/=/_/_/_/

 :: Spring Boot ::                (v3.3.5)

2024-11-16T11:17:50.674+05:30  INFO 46320 --- [HomeRentApplication] [           main] S.H.HomeRentApplicationTests             : Starting HomeRentApplicationTests using Java 19.0.1 with PID 46320 (started by rushi in D:\Personal_Project\Git_Project\HomeRent-SpringBoot)
2024-11-16T11:17:50.675+05:30  INFO 46320 --- [HomeRentApplication] [           main] S.H.HomeRentApplicationTests             : No active profile set, falling back to 1 default profile: "default"
2024-11-16T11:17:51.448+05:30  INFO 46320 --- [HomeRentApplication] [           main] .s.d.r.c.RepositoryConfigurationDelegate : Bootstrapping Spring Data JPA repositories in DEFAULT mode.
2024-11-16T11:17:51.512+05:30  INFO 46320 --- [HomeRentApplication] [           main] .s.d.r.c.RepositoryConfigurationDelegate : Finished Spring Data repository scanning in 53 ms. Found 3 JPA repository interfaces.
2024-11-16T11:17:52.102+05:30  INFO 46320 --- [HomeRentApplication] [           main] o.hibernate.jpa.internal.util.LogHelper  : HHH000204: Processing PersistenceUnitInfo [name: default]
2024-11-16T11:17:52.165+05:30  INFO 46320 --- [HomeRentApplication] [           main] org.hibernate.Version                    : HHH000412: Hibernate ORM core version 6.5.3.Final
2024-11-16T11:17:52.211+05:30  INFO 46320 --- [HomeRentApplication] [           main] o.h.c.internal.RegionFactoryInitiator    : HHH000026: Second-level cache disabled
2024-11-16T11:17:52.615+05:30  INFO 46320 --- [HomeRentApplication] [           main] o.s.o.j.p.SpringPersistenceUnitInfo      : No LoadTimeWeaver setup: ignoring JPA class transformer
2024-11-16T11:17:52.659+05:30  INFO 46320 --- [HomeRentApplication] [           main] com.zaxxer.hikari.HikariDataSource       : HikariPool-1 - Starting...
2024-11-16T11:17:53.004+05:30  INFO 46320 --- [HomeRentApplication] [           main] com.zaxxer.hikari.pool.HikariPool        : HikariPool-1 - Added connection com.mysql.cj.jdbc.ConnectionImpl@abc7005
2024-11-16T11:17:53.006+05:30  INFO 46320 --- [HomeRentApplication] [           main] com.zaxxer.hikari.HikariDataSource       : HikariPool-1 - Start completed.
2024-11-16T11:17:53.055+05:30  WARN 46320 --- [HomeRentApplication] [           main] org.hibernate.orm.deprecation            : HHH90000025: MySQL8Dialect does not need to be specified explicitly using 'hibernate.dialect' (remove the property setting and it will be selected by default)
2024-11-16T11:17:53.056+05:30  WARN 46320 --- [HomeRentApplication] [           main] org.hibernate.orm.deprecation            : HHH90000026: MySQL8Dialect has been deprecated; use org.hibernate.dialect.MySQLDialect instead
2024-11-16T11:17:53.899+05:30  INFO 46320 --- [HomeRentApplication] [           main] o.h.e.t.j.p.i.JtaPlatformInitiator       : HHH000489: No JTA platform available (set 'hibernate.transaction.jta.platform' to enable JTA platform integration)
2024-11-16T11:17:53.946+05:30  INFO 46320 --- [HomeRentApplication] [           main] j.LocalContainerEntityManagerFactoryBean : Initialized JPA EntityManagerFactory for persistence unit 'default'
2024-11-16T11:17:54.396+05:30  WARN 46320 --- [HomeRentApplication] [           main] JpaBaseConfiguration$JpaWebConfiguration : spring.jpa.open-in-view is enabled by default. Therefore, database queries may be performed during view rendering. Explicitly configure spring.jpa.open-in-view to disable this warning
2024-11-16T11:17:54.419+05:30  WARN 46320 --- [HomeRentApplication] [           main] .s.s.UserDetailsServiceAutoConfiguration : 

Using generated security password: 8b2b3cc5-f2a4-4352-a527-9ff0c1cfc44c

This generated password is for development use only. Your security configuration must be updated before running your application in production.

2024-11-16T11:17:54.428+05:30  INFO 46320 --- [HomeRentApplication] [           main] r$InitializeUserDetailsManagerConfigurer : Global AuthenticationManager configured with UserDetailsService bean with name inMemoryUserDetailsManager
2024-11-16T11:17:55.143+05:30  INFO 46320 --- [HomeRentApplication] [           main] S.H.HomeRentApplicationTests             : Started HomeRentApplicationTests in 4.776 seconds (process running for 6.081)
]]></system-out>
  </testcase>
</testsuite>